#
# There is insufficient memory for the Java Runtime Environment to continue.
# Native memory allocation (mmap) failed to map 130023424 bytes for Failed to commit area from 0x0000000084c00000 to 0x000000008c800000 of length 130023424.
# Possible reasons:
#   The system is out of physical RAM or swap space
#   The process is running with CompressedOops enabled, and the Java Heap may be blocking the growth of the native heap
# Possible solutions:
#   Reduce memory load on the system
#   Increase physical memory or swap space
#   Check if swap backing store is full
#   Decrease Java heap size (-Xmx/-Xms)
#   Decrease number of Java threads
#   Decrease Java thread stack sizes (-Xss)
#   Set larger code cache with -XX:ReservedCodeCacheSize=
# This output file may be truncated or incomplete.
#
#  Out of Memory Error (src/hotspot/os/windows/os_windows.cpp:3627), pid=10812, tid=11392
#
# JRE version:  (11.0.15) (build )
# Java VM: OpenJDK 64-Bit Server VM (11.0.15+0-b2043.56-9505619, mixed mode, sharing, tiered, compressed oops, g1 gc, windows-amd64)
# No core dump will be written. Minidumps are not enabled by default on client versions of Windows
#

---------------  S U M M A R Y ------------

Command Line: org.jetbrains.kotlin.cli.jvm.K2JVMCompiler @C:\Users\sonal\AndroidStudioProjects\CalculatorApp\app\build\20230704_5661274339148106552.compiler.options

Host: Intel(R) Core(TM) i7-1065G7 CPU @ 1.30GHz, 8 cores, 7G,  Windows 11 , 64 bit Build 22000 (10.0.22000.1880)
Time: Tue Jul  4 16:41:40 2023 India Standard Time elapsed time: 0.018916 seconds (0d 0h 0m 0s)

---------------  T H R E A D  ---------------

Current thread (0x000001c7a6fa7000):  JavaThread "Unknown thread" [_thread_in_vm, id=11392, stack(0x00000023ef700000,0x00000023ef800000)]

Stack: [0x00000023ef700000,0x00000023ef800000]
Native frames: (J=compiled Java code, j=interpreted, Vv=VM code, C=native code)
V  [jvm.dll+0x64135a]
V  [jvm.dll+0x7d39f9]
V  [jvm.dll+0x7d51b9]
V  [jvm.dll+0x7d58a3]
V  [jvm.dll+0x2691c5]
V  [jvm.dll+0x63e4e9]
V  [jvm.dll+0x632985]
V  [jvm.dll+0x3231ac]
V  [jvm.dll+0x323032]
V  [jvm.dll+0x327c06]
V  [jvm.dll+0x36ffa2]
V  [jvm.dll+0x36fa01]
V  [jvm.dll+0x2fea28]
V  [jvm.dll+0x2ffb25]
V  [jvm.dll+0x7accd7]
V  [jvm.dll+0x7ae49f]
V  [jvm.dll+0x37d299]
V  [jvm.dll+0x78ef9f]
V  [jvm.dll+0x3ec847]
V  [jvm.dll+0x3eed31]
C  [jli.dll+0x52cb]
C  [ucrtbase.dll+0x26c0c]
C  [KERNEL32.DLL+0x155a0]
C  [ntdll.dll+0x485b]


---------------  P R O C E S S  ---------------

Threads class SMR info:
_java_thread_list=0x000001c7a4ed7bc0, length=0, elements={
}

Java Threads: ( => current thread )

Other Threads:
  0x000001c7a6fbd800 GCTaskThread "GC Thread#0" [stack: 0x00000023ef800000,0x00000023ef900000] [id=1372]
  0x000001c7a6fed800 ConcurrentGCThread "G1 Main Marker" [stack: 0x00000023ef900000,0x00000023efa00000] [id=10220]
  0x000001c7a6ff1800 ConcurrentGCThread "G1 Conc#0" [stack: 0x00000023efa00000,0x00000023efb00000] [id=7596]

[error occurred during error reporting (printing all threads), id 0xc0000005, EXCEPTION_ACCESS_VIOLATION (0xc0000005) at pc=0x00007ffded73f3e7]

VM state:not at safepoint (not fully initialized)

VM Mutex/Monitor currently owned by a thread:  ([mutex/lock_event])
[0x000001c7a6fa2f30] Heap_lock - owner thread: 0x000001c7a6fa7000

Heap address: 0x0000000084c00000, size: 1972 MB, Compressed Oops mode: Non-zero based: 0x0000000084c00000
Narrow klass base: 0x0000000000000000, Narrow klass shift: 0

GC Heap History (0 events):
No events

Deoptimization events (0 events):
No events

Classes redefined (0 events):
No events

Internal exceptions (0 events):
No events

Events (1 events):
Event: 0.012 Loaded shared library C:\Program Files\Android\Android Studio1\jbr\bin\zip.dll


Dynamic libraries:
0x00007ff7ba860000 - 0x00007ff7ba86a000 	C:\Program Files\Android\Android Studio1\jbr\bin\java.exe
0x00007ffe4db80000 - 0x00007ffe4dd89000 	C:\WINDOWS\SYSTEM32\ntdll.dll
0x00007ffe4c700000 - 0x00007ffe4c7be000 	C:\WINDOWS\System32\KERNEL32.DLL
0x00007ffe4b4c0000 - 0x00007ffe4b844000 	C:\WINDOWS\System32\KERNELBASE.dll
0x00007ffe4b330000 - 0x00007ffe4b441000 	C:\WINDOWS\System32\ucrtbase.dll
0x00007ffe471c0000 - 0x00007ffe471db000 	C:\Program Files\Android\Android Studio1\jbr\bin\VCRUNTIME140.dll
0x00007ffe47230000 - 0x00007ffe47247000 	C:\Program Files\Android\Android Studio1\jbr\bin\jli.dll
0x00007ffe4bf00000 - 0x00007ffe4c0ad000 	C:\WINDOWS\System32\USER32.dll
0x00007ffe33f40000 - 0x00007ffe341e5000 	C:\WINDOWS\WinSxS\amd64_microsoft.windows.common-controls_6595b64144ccf1df_6.0.22000.120_none_9d947278b86cc467\COMCTL32.dll
0x00007ffe4b030000 - 0x00007ffe4b056000 	C:\WINDOWS\System32\win32u.dll
0x00007ffe4bc40000 - 0x00007ffe4bce3000 	C:\WINDOWS\System32\msvcrt.dll
0x00007ffe4b9f0000 - 0x00007ffe4ba1a000 	C:\WINDOWS\System32\GDI32.dll
0x00007ffe4b850000 - 0x00007ffe4b96f000 	C:\WINDOWS\System32\gdi32full.dll
0x00007ffe4b120000 - 0x00007ffe4b1bd000 	C:\WINDOWS\System32\msvcp_win.dll
0x00007ffe4c0c0000 - 0x00007ffe4c0f1000 	C:\WINDOWS\System32\IMM32.DLL
0x00007ffe472c0000 - 0x00007ffe472cc000 	C:\Program Files\Android\Android Studio1\jbr\bin\vcruntime140_1.dll
0x00007ffe32a20000 - 0x00007ffe32aad000 	C:\Program Files\Android\Android Studio1\jbr\bin\msvcp140.dll
0x00007ffded430000 - 0x00007ffdedfec000 	C:\Program Files\Android\Android Studio1\jbr\bin\server\jvm.dll
0x00007ffe4cbd0000 - 0x00007ffe4cc7f000 	C:\WINDOWS\System32\ADVAPI32.dll
0x00007ffe4c570000 - 0x00007ffe4c60e000 	C:\WINDOWS\System32\sechost.dll
0x00007ffe4cc80000 - 0x00007ffe4cda1000 	C:\WINDOWS\System32\RPCRT4.dll
0x00007ffe4c610000 - 0x00007ffe4c618000 	C:\WINDOWS\System32\PSAPI.DLL
0x00007ffe45e00000 - 0x00007ffe45e09000 	C:\WINDOWS\SYSTEM32\WSOCK32.dll
0x00007ffe43790000 - 0x00007ffe4379a000 	C:\WINDOWS\SYSTEM32\VERSION.dll
0x00007ffe446f0000 - 0x00007ffe44723000 	C:\WINDOWS\SYSTEM32\WINMM.dll
0x00007ffe4c940000 - 0x00007ffe4c9af000 	C:\WINDOWS\System32\WS2_32.dll
0x00007ffe4a0b0000 - 0x00007ffe4a0c8000 	C:\WINDOWS\SYSTEM32\kernel.appcore.dll
0x00007ffe44870000 - 0x00007ffe44880000 	C:\Program Files\Android\Android Studio1\jbr\bin\verify.dll
0x00007ffe48bf0000 - 0x00007ffe48e11000 	C:\WINDOWS\SYSTEM32\DBGHELP.DLL
0x00007ffe2f7c0000 - 0x00007ffe2f7f1000 	C:\WINDOWS\SYSTEM32\dbgcore.DLL
0x00007ffe4b970000 - 0x00007ffe4b9ef000 	C:\WINDOWS\System32\bcryptPrimitives.dll
0x00007ffe42bd0000 - 0x00007ffe42bf8000 	C:\Program Files\Android\Android Studio1\jbr\bin\java.dll
0x00007ffe44740000 - 0x00007ffe4474a000 	C:\Program Files\Android\Android Studio1\jbr\bin\jimage.dll
0x00007ffe38400000 - 0x00007ffe38418000 	C:\Program Files\Android\Android Studio1\jbr\bin\zip.dll

dbghelp: loaded successfully - version: 4.0.5 - missing functions: none
symbol engine: initialized successfully - sym options: 0x614 - pdb path: .;C:\Program Files\Android\Android Studio1\jbr\bin;C:\WINDOWS\SYSTEM32;C:\WINDOWS\WinSxS\amd64_microsoft.windows.common-controls_6595b64144ccf1df_6.0.22000.120_none_9d947278b86cc467;C:\Program Files\Android\Android Studio1\jbr\bin\server

VM Arguments:
java_command: org.jetbrains.kotlin.cli.jvm.K2JVMCompiler @C:\Users\sonal\AndroidStudioProjects\CalculatorApp\app\build\20230704_5661274339148106552.compiler.options
java_class_path (initial): C:\Users\sonal\.gradle\caches\modules-2\files-2.1\org.jetbrains.kotlin\kotlin-compiler-embeddable\1.8.0\eb9118d4bcceaa2a94b2ae2a33a4ddba7c9a947f\kotlin-compiler-embeddable-1.8.0.jar;C:\Users\sonal\.gradle\caches\modules-2\files-2.1\org.jetbrains.kotlin\kotlin-stdlib\1.8.0\1796921c7a3e2e2665a83e6c8d33399336cd39bc\kotlin-stdlib-1.8.0.jar;C:\Users\sonal\.gradle\caches\modules-2\files-2.1\org.jetbrains.kotlin\kotlin-script-runtime\1.8.0\b2f7e760d283cb339974851c222a4c1d48f2d3d\kotlin-script-runtime-1.8.0.jar;C:\Users\sonal\.gradle\caches\modules-2\files-2.1\org.jetbrains.kotlin\kotlin-reflect\1.6.10\1cbe9c92c12a94eea200d23c2bbaedaf3daf5132\kotlin-reflect-1.6.10.jar;C:\Users\sonal\.gradle\caches\modules-2\files-2.1\org.jetbrains.kotlin\kotlin-daemon-embeddable\1.8.0\d255216c551685dc3a7e852b53617f5f01aaaa5c\kotlin-daemon-embeddable-1.8.0.jar;C:\Users\sonal\.gradle\caches\modules-2\files-2.1\org.jetbrains.intellij.deps\trove4j\1.0.20200330\3afb14d5f9ceb459d724e907a21145e8ff394f02\trove4j-1.0.20200330.jar;C:\Users\sonal\.gradle\caches\modules-2\files-2.1\net.java.dev.jna\jna\5.6.0\330f2244e9030119ab3030fc3fededc86713d9cc\jna-5.6.0.jar;C:\Users\sonal\.gradle\caches\modules-2\files-2.1\org.jetbrains.kotlin\kotlin-stdlib-common\1.8.0\f7197e7cc76453ac59f8b0f8d5137cc600becd36\kotlin-stdlib-common-1.8.0.jar;C:\Users\sonal\.gradle\caches\modules-2\files-2.1\org.jetbrains\annotations\13.0\919f0dfe192fb4e063e7dacadee7f8bb9a2672a9\annotations-13.0.jar
Launcher Type: SUN_STANDARD

[Global flags]
     intx CICompilerCount                          = 4                                         {product} {ergonomic}
     uint ConcGCThreads                            = 2                                         {product} {ergonomic}
     uint G1ConcRefinementThreads                  = 8                                         {product} {ergonomic}
   size_t G1HeapRegionSize                         = 1048576                                   {product} {ergonomic}
    uintx GCDrainStackTargetSize                   = 64                                        {product} {ergonomic}
   size_t InitialHeapSize                          = 130023424                                 {product} {ergonomic}
   size_t MarkStackSize                            = 4194304                                   {product} {ergonomic}
   size_t MaxHeapSize                              = 2067791872                                {product} {ergonomic}
   size_t MinHeapDeltaBytes                        = 1048576                                   {product} {ergonomic}
    uintx NonNMethodCodeHeapSize                   = 5836300                                {pd product} {ergonomic}
    uintx NonProfiledCodeHeapSize                  = 122910970                              {pd product} {ergonomic}
    uintx ProfiledCodeHeapSize                     = 122910970                              {pd product} {ergonomic}
    uintx ReservedCodeCacheSize                    = 251658240                              {pd product} {ergonomic}
     bool SegmentedCodeCache                       = true                                      {product} {ergonomic}
     bool UseCompressedClassPointers               = true                                 {lp64_product} {ergonomic}
     bool UseCompressedOops                        = true                                 {lp64_product} {ergonomic}
     bool UseG1GC                                  = true                                      {product} {ergonomic}
     bool UseLargePagesIndividualAllocation        = false                                  {pd product} {ergonomic}

Logging:
Log output configuration:
 #0: stdout all=warning uptime,level,tags
 #1: stderr all=off uptime,level,tags

Environment Variables:
JAVA_HOME=C:\Program Files\Java\jdk-17.0.1
CLASSPATH=C:\oraclexe\app\oracle\product\10.2.0\server\jdbc\lib\ojdbc14.jar;C:\Program Files\Apache Software Foundation\Tomcat 10.0\lib\servlet-api.jar;
PATH=C:\Program Files\Common Files\Oracle\Java\javapath;C:\WINDOWS;C:\WINDOWS\System32\Wbem;C:\WINDOWS\System32\WindowsPowerShell\v1.0\;C:\WINDOWS\System32\OpenSSH\;C:\Program Files\Apache Software Foundation\Tomcat 10.0\lib\servlet-api.jar;C:\Program Files\Java\jdk-17.0.1\bin;C:\WINDOWS\system32;C:\Program Files\Git\cmd;C:\Program Files\Git\bin;C:\Users\sonal\Python\Python38\Scripts\;C:\Users\sonal\Python\Python38\;%PyCharm%;C:\Program Files\heroku\bin;C:\Users\sonal\AppData\Local\Programs\Microsoft VS Code\bin;C:\Program Files\Java\jdk-17.0.1\bin;C:\Users\sonal\AppData\Local\Microsoft\WindowsApps;
USERNAME=Akshay
OS=Windows_NT
PROCESSOR_IDENTIFIER=Intel64 Family 6 Model 126 Stepping 5, GenuineIntel



---------------  S Y S T E M  ---------------

OS: Windows 11 , 64 bit Build 22000 (10.0.22000.1880)
OS uptime: 0 days 1:52 hours

CPU:total 8 (initial active 8) (4 cores per cpu, 2 threads per core) family 6 model 126 stepping 5 microcode 0xa8, cmov, cx8, fxsr, mmx, sse, sse2, sse3, ssse3, sse4.1, sse4.2, popcnt, avx, avx2, aes, clmul, erms, 3dnowpref, lzcnt, ht, tsc, tscinvbit, bmi1, bmi2, adx, evex, sha, fma

Memory: 4k page, system-wide physical 7880M (435M free)
TotalPageFile size 7880M (AvailPageFile size 87M)
current process WorkingSet (physical memory assigned to process): 10M, peak: 10M
current process commit charge ("private bytes"): 60M, peak: 183M

vm_info: OpenJDK 64-Bit Server VM (11.0.15+0-b2043.56-9505619) for windows-amd64 JRE (11.0.15+0-b2043.56-9505619), built on Jan 19 2023 02:48:00 by "builduser" with unknown MS VC++:1929

END.
