#
# There is insufficient memory for the Java Runtime Environment to continue.
# Native memory allocation (malloc) failed to allocate 1048576 bytes for AllocateHeap
# Possible reasons:
#   The system is out of physical RAM or swap space
#   The process is running with CompressedOops enabled, and the Java Heap may be blocking the growth of the native heap
# Possible solutions:
#   Reduce memory load on the system
#   Increase physical memory or swap space
#   Check if swap backing store is full
#   Decrease Java heap size (-Xmx/-Xms)
#   Decrease number of Java threads
#   Decrease Java thread stack sizes (-Xss)
#   Set larger code cache with -XX:ReservedCodeCacheSize=
# This output file may be truncated or incomplete.
#
#  Out of Memory Error (src/hotspot/share/memory/allocation.cpp:46), pid=3724, tid=10264
#
# JRE version:  (11.0.15) (build )
# Java VM: OpenJDK 64-Bit Server VM (11.0.15+0-b2043.56-9505619, mixed mode, sharing, tiered, compressed oops, g1 gc, windows-amd64)
# No core dump will be written. Minidumps are not enabled by default on client versions of Windows
#

---------------  S U M M A R Y ------------

Command Line: org.jetbrains.kotlin.cli.jvm.K2JVMCompiler @C:\Users\sonal\AndroidStudioProjects\CalculatorApp\app\build\20230703_4304148587498236560.compiler.options

Host: Intel(R) Core(TM) i7-1065G7 CPU @ 1.30GHz, 8 cores, 7G,  Windows 11 , 64 bit Build 22000 (10.0.22000.1880)
Time: Mon Jul  3 19:40:25 2023 India Standard Time elapsed time: 0.023679 seconds (0d 0h 0m 0s)

---------------  T H R E A D  ---------------

Current thread (0x0000024ef0940800):  JavaThread "Unknown thread" [_thread_in_vm, id=10264, stack(0x0000007261b00000,0x0000007261c00000)]

Stack: [0x0000007261b00000,0x0000007261c00000]
Native frames: (J=compiled Java code, j=interpreted, Vv=VM code, C=native code)
V  [jvm.dll+0x64135a]
V  [jvm.dll+0x7d39f9]
V  [jvm.dll+0x7d51b9]
V  [jvm.dll+0x7d58a3]
V  [jvm.dll+0x2691c5]
V  [jvm.dll+0xb8874]
V  [jvm.dll+0x305f59]
V  [jvm.dll+0x2ffaed]
V  [jvm.dll+0x7accd7]
V  [jvm.dll+0x7ae49f]
V  [jvm.dll+0x37d299]
V  [jvm.dll+0x78ef9f]
V  [jvm.dll+0x3ec847]
V  [jvm.dll+0x3eed31]
C  [jli.dll+0x52cb]
C  [ucrtbase.dll+0x26c0c]
C  [KERNEL32.DLL+0x155a0]
C  [ntdll.dll+0x485b]


---------------  P R O C E S S  ---------------

Threads class SMR info:
_java_thread_list=0x0000024eee722f70, length=0, elements={
}

Java Threads: ( => current thread )

Other Threads:
  0x0000024ef0957000 GCTaskThread "GC Thread#0" [stack: 0x0000007261c00000,0x0000007261d00000] [id=8352]

[error occurred during error reporting (printing all threads), id 0xc0000005, EXCEPTION_ACCESS_VIOLATION (0xc0000005) at pc=0x00007fff1718bf70]

VM state:not at safepoint (not fully initialized)

VM Mutex/Monitor currently owned by a thread:  ([mutex/lock_event])
[0x0000024ef093e3e0] Heap_lock - owner thread: 0x0000024ef0940800

Heap address: 0x0000000084c00000, size: 1972 MB, Compressed Oops mode: Non-zero based: 0x0000000084c00000
Narrow klass base: 0x0000000000000000, Narrow klass shift: 0

GC Heap History (0 events):
No events

Deoptimization events (0 events):
No events

Classes redefined (0 events):
No events

Internal exceptions (0 events):
No events

Events (1 events):
Event: 0.016 Loaded shared library C:\Program Files\Android\Android Studio1\jbr\bin\zip.dll


Dynamic libraries:
0x00007ff7c1980000 - 0x00007ff7c198a000 	C:\Program Files\Android\Android Studio1\jbr\bin\java.exe
0x00007fff787e0000 - 0x00007fff789e9000 	C:\WINDOWS\SYSTEM32\ntdll.dll
0x00007fff775a0000 - 0x00007fff7765e000 	C:\WINDOWS\System32\KERNEL32.DLL
0x00007fff75d10000 - 0x00007fff76094000 	C:\WINDOWS\System32\KERNELBASE.dll
0x00007fff76200000 - 0x00007fff76311000 	C:\WINDOWS\System32\ucrtbase.dll
0x00007fff59fd0000 - 0x00007fff59fe7000 	C:\Program Files\Android\Android Studio1\jbr\bin\jli.dll
0x00007fff59ea0000 - 0x00007fff59ebb000 	C:\Program Files\Android\Android Studio1\jbr\bin\VCRUNTIME140.dll
0x00007fff783c0000 - 0x00007fff7856d000 	C:\WINDOWS\System32\USER32.dll
0x00007fff761d0000 - 0x00007fff761f6000 	C:\WINDOWS\System32\win32u.dll
0x00007fff5d7a0000 - 0x00007fff5da45000 	C:\WINDOWS\WinSxS\amd64_microsoft.windows.common-controls_6595b64144ccf1df_6.0.22000.120_none_9d947278b86cc467\COMCTL32.dll
0x00007fff76f10000 - 0x00007fff76fb3000 	C:\WINDOWS\System32\msvcrt.dll
0x00007fff77570000 - 0x00007fff7759a000 	C:\WINDOWS\System32\GDI32.dll
0x00007fff76320000 - 0x00007fff7643f000 	C:\WINDOWS\System32\gdi32full.dll
0x00007fff765b0000 - 0x00007fff7664d000 	C:\WINDOWS\System32\msvcp_win.dll
0x00007fff78570000 - 0x00007fff785a1000 	C:\WINDOWS\System32\IMM32.DLL
0x00007fff6aa50000 - 0x00007fff6aa5c000 	C:\Program Files\Android\Android Studio1\jbr\bin\vcruntime140_1.dll
0x00007fff57030000 - 0x00007fff570bd000 	C:\Program Files\Android\Android Studio1\jbr\bin\msvcp140.dll
0x00007fff16e80000 - 0x00007fff17a3c000 	C:\Program Files\Android\Android Studio1\jbr\bin\server\jvm.dll
0x00007fff786e0000 - 0x00007fff7878f000 	C:\WINDOWS\System32\ADVAPI32.dll
0x00007fff77040000 - 0x00007fff770de000 	C:\WINDOWS\System32\sechost.dll
0x00007fff78130000 - 0x00007fff78251000 	C:\WINDOWS\System32\RPCRT4.dll
0x00007fff78790000 - 0x00007fff78798000 	C:\WINDOWS\System32\PSAPI.DLL
0x00007fff70600000 - 0x00007fff70633000 	C:\WINDOWS\SYSTEM32\WINMM.dll
0x00007fff72d80000 - 0x00007fff72d89000 	C:\WINDOWS\SYSTEM32\WSOCK32.dll
0x00007fff6fde0000 - 0x00007fff6fdea000 	C:\WINDOWS\SYSTEM32\VERSION.dll
0x00007fff78350000 - 0x00007fff783bf000 	C:\WINDOWS\System32\WS2_32.dll
0x00007fff74d10000 - 0x00007fff74d28000 	C:\WINDOWS\SYSTEM32\kernel.appcore.dll
0x00007fff70690000 - 0x00007fff706a0000 	C:\Program Files\Android\Android Studio1\jbr\bin\verify.dll
0x00007fff739b0000 - 0x00007fff73bd1000 	C:\WINDOWS\SYSTEM32\DBGHELP.DLL
0x00007fff67520000 - 0x00007fff67551000 	C:\WINDOWS\SYSTEM32\dbgcore.DLL
0x00007fff75c90000 - 0x00007fff75d0f000 	C:\WINDOWS\System32\bcryptPrimitives.dll
0x00007fff6aa00000 - 0x00007fff6aa28000 	C:\Program Files\Android\Android Studio1\jbr\bin\java.dll
0x00007fff67340000 - 0x00007fff6734a000 	C:\Program Files\Android\Android Studio1\jbr\bin\jimage.dll
0x00007fff651b0000 - 0x00007fff651c8000 	C:\Program Files\Android\Android Studio1\jbr\bin\zip.dll

dbghelp: loaded successfully - version: 4.0.5 - missing functions: none
symbol engine: initialized successfully - sym options: 0x614 - pdb path: .;C:\Program Files\Android\Android Studio1\jbr\bin;C:\WINDOWS\SYSTEM32;C:\WINDOWS\WinSxS\amd64_microsoft.windows.common-controls_6595b64144ccf1df_6.0.22000.120_none_9d947278b86cc467;C:\Program Files\Android\Android Studio1\jbr\bin\server

VM Arguments:
java_command: org.jetbrains.kotlin.cli.jvm.K2JVMCompiler @C:\Users\sonal\AndroidStudioProjects\CalculatorApp\app\build\20230703_4304148587498236560.compiler.options
java_class_path (initial): C:\Users\sonal\.gradle\caches\modules-2\files-2.1\org.jetbrains.kotlin\kotlin-compiler-embeddable\1.8.0\eb9118d4bcceaa2a94b2ae2a33a4ddba7c9a947f\kotlin-compiler-embeddable-1.8.0.jar;C:\Users\sonal\.gradle\caches\modules-2\files-2.1\org.jetbrains.kotlin\kotlin-stdlib\1.8.0\1796921c7a3e2e2665a83e6c8d33399336cd39bc\kotlin-stdlib-1.8.0.jar;C:\Users\sonal\.gradle\caches\modules-2\files-2.1\org.jetbrains.kotlin\kotlin-script-runtime\1.8.0\b2f7e760d283cb339974851c222a4c1d48f2d3d\kotlin-script-runtime-1.8.0.jar;C:\Users\sonal\.gradle\caches\modules-2\files-2.1\org.jetbrains.kotlin\kotlin-reflect\1.6.10\1cbe9c92c12a94eea200d23c2bbaedaf3daf5132\kotlin-reflect-1.6.10.jar;C:\Users\sonal\.gradle\caches\modules-2\files-2.1\org.jetbrains.kotlin\kotlin-daemon-embeddable\1.8.0\d255216c551685dc3a7e852b53617f5f01aaaa5c\kotlin-daemon-embeddable-1.8.0.jar;C:\Users\sonal\.gradle\caches\modules-2\files-2.1\org.jetbrains.intellij.deps\trove4j\1.0.20200330\3afb14d5f9ceb459d724e907a21145e8ff394f02\trove4j-1.0.20200330.jar;C:\Users\sonal\.gradle\caches\modules-2\files-2.1\net.java.dev.jna\jna\5.6.0\330f2244e9030119ab3030fc3fededc86713d9cc\jna-5.6.0.jar;C:\Users\sonal\.gradle\caches\modules-2\files-2.1\org.jetbrains.kotlin\kotlin-stdlib-common\1.8.0\f7197e7cc76453ac59f8b0f8d5137cc600becd36\kotlin-stdlib-common-1.8.0.jar;C:\Users\sonal\.gradle\caches\modules-2\files-2.1\org.jetbrains\annotations\13.0\919f0dfe192fb4e063e7dacadee7f8bb9a2672a9\annotations-13.0.jar
Launcher Type: SUN_STANDARD

[Global flags]
     intx CICompilerCount                          = 4                                         {product} {ergonomic}
     uint ConcGCThreads                            = 2                                         {product} {ergonomic}
     uint G1ConcRefinementThreads                  = 8                                         {product} {ergonomic}
   size_t G1HeapRegionSize                         = 1048576                                   {product} {ergonomic}
    uintx GCDrainStackTargetSize                   = 64                                        {product} {ergonomic}
   size_t InitialHeapSize                          = 130023424                                 {product} {ergonomic}
   size_t MarkStackSize                            = 4194304                                   {product} {ergonomic}
   size_t MaxHeapSize                              = 2067791872                                {product} {ergonomic}
   size_t MinHeapDeltaBytes                        = 1048576                                   {product} {ergonomic}
    uintx NonNMethodCodeHeapSize                   = 5836300                                {pd product} {ergonomic}
    uintx NonProfiledCodeHeapSize                  = 122910970                              {pd product} {ergonomic}
    uintx ProfiledCodeHeapSize                     = 122910970                              {pd product} {ergonomic}
    uintx ReservedCodeCacheSize                    = 251658240                              {pd product} {ergonomic}
     bool SegmentedCodeCache                       = true                                      {product} {ergonomic}
     bool UseCompressedClassPointers               = true                                 {lp64_product} {ergonomic}
     bool UseCompressedOops                        = true                                 {lp64_product} {ergonomic}
     bool UseG1GC                                  = true                                      {product} {ergonomic}
     bool UseLargePagesIndividualAllocation        = false                                  {pd product} {ergonomic}

Logging:
Log output configuration:
 #0: stdout all=warning uptime,level,tags
 #1: stderr all=off uptime,level,tags

Environment Variables:
JAVA_HOME=C:\Program Files\Java\jdk-17.0.1
CLASSPATH=C:\oraclexe\app\oracle\product\10.2.0\server\jdbc\lib\ojdbc14.jar;C:\Program Files\Apache Software Foundation\Tomcat 10.0\lib\servlet-api.jar;
PATH=C:\Program Files\Common Files\Oracle\Java\javapath;C:\WINDOWS;C:\WINDOWS\System32\Wbem;C:\WINDOWS\System32\WindowsPowerShell\v1.0\;C:\WINDOWS\System32\OpenSSH\;C:\Program Files\Apache Software Foundation\Tomcat 10.0\lib\servlet-api.jar;C:\Program Files\Java\jdk-17.0.1\bin;C:\WINDOWS\system32;C:\Program Files\Git\cmd;C:\Program Files\Git\bin;C:\Users\sonal\Python\Python38\Scripts\;C:\Users\sonal\Python\Python38\;%PyCharm%;C:\Program Files\heroku\bin;C:\Users\sonal\AppData\Local\Programs\Microsoft VS Code\bin;C:\Program Files\Java\jdk-17.0.1\bin;C:\Users\sonal\AppData\Local\Microsoft\WindowsApps;
USERNAME=Akshay
OS=Windows_NT
PROCESSOR_IDENTIFIER=Intel64 Family 6 Model 126 Stepping 5, GenuineIntel



---------------  S Y S T E M  ---------------

OS: Windows 11 , 64 bit Build 22000 (10.0.22000.1880)
OS uptime: 4 days 23:25 hours

CPU:total 8 (initial active 8) (4 cores per cpu, 2 threads per core) family 6 model 126 stepping 5 microcode 0xa8, cmov, cx8, fxsr, mmx, sse, sse2, sse3, ssse3, sse4.1, sse4.2, popcnt, avx, avx2, aes, clmul, erms, 3dnowpref, lzcnt, ht, tsc, tscinvbit, bmi1, bmi2, adx, evex, sha, fma

Memory: 4k page, system-wide physical 7880M (268M free)
TotalPageFile size 7880M (AvailPageFile size 5M)
current process WorkingSet (physical memory assigned to process): 10M, peak: 10M
current process commit charge ("private bytes"): 52M, peak: 53M

vm_info: OpenJDK 64-Bit Server VM (11.0.15+0-b2043.56-9505619) for windows-amd64 JRE (11.0.15+0-b2043.56-9505619), built on Jan 19 2023 02:48:00 by "builduser" with unknown MS VC++:1929

END.
